[2018-12-17T22:14:12.978] [INFO] resLogger - 
*************** response log start ***************
request method: GET
request originalUrl:  /test
request client ip:  ::1
request query:  {}
response time: 8
response status: 200
response body: 
{"code":200,"data":{"name":"test","date":"2018-12-17T14:14:12.972Z"}}
*************** response log end ***************

[2018-12-17T22:15:53.285] [INFO] resLogger - 
*************** response log start ***************
request method: GET
request originalUrl:  /test
request client ip:  ::1
request query:  {}
response time: 7
response status: 200
response body: 
{"code":200,"data":{"name":"test","date":"2018-12-17T14:15:53.281Z"}}
*************** response log end ***************

[2018-12-17T22:17:30.921] [INFO] resLogger - 
*************** response log start ***************
request method: GET
request originalUrl:  /test
request client ip:  ::1
request query:  {}
response time: 9
response status: 200
response body: 
{"code":200,"data":{"name":"test","date":"2018-12-17T14:17:30.914Z"}}
*************** response log end ***************

[2018-12-17T22:19:06.642] [INFO] resLogger - 
*************** response log start ***************
request method: GET
request originalUrl:  /test
request client ip:  ::1
request query:  {}
response time: 10
response status: 200
response body: 
{"code":200,"data":{"name":"test","date":"2018-12-17T14:19:06.632Z"}}
*************** response log end ***************

[2018-12-17T22:19:31.897] [INFO] resLogger - 
*************** response log start ***************
request method: GET
request originalUrl:  /test
request client ip:  ::1
request query:  {}
response time: 6
response status: 200
response body: 
{"code":200,"data":{"name":"test","date":"2018-12-17T14:19:31.892Z"}}
*************** response log end ***************

[2018-12-17T22:19:33.762] [INFO] resLogger - 
*************** response log start ***************
request method: GET
request originalUrl:  /test
request client ip:  ::1
request query:  {}
response time: 0
response status: 200
response body: 
{"code":200,"data":{"name":"test","date":"2018-12-17T14:19:33.762Z"}}
*************** response log end ***************

[2018-12-17T22:19:37.516] [INFO] resLogger - 
*************** response log start ***************
request method: GET
request originalUrl:  /test
request client ip:  ::1
request query:  {}
response time: 0
response status: 200
response body: 
{"code":200,"data":{"name":"test","date":"2018-12-17T14:19:37.516Z"}}
*************** response log end ***************

[2018-12-17T22:22:03.844] [INFO] resLogger - 
*************** response log start ***************
request method: GET
request originalUrl:  /test
request client ip:  ::1
request query:  {}
response time: 25
response status: 200
response body: 
{"code":200,"data":{"name":"test","date":"2018-12-17T14:22:03.831Z"}}
*************** response log end ***************

[2018-12-17T22:22:33.644] [INFO] resLogger - 
*************** response log start ***************
request method: GET
request originalUrl:  /test
request client ip:  ::1
request query:  {}
response time: 6
response status: 200
response body: 
{"code":200,"data":{"name":"test","date":"2018-12-17T14:22:33.638Z"}}
*************** response log end ***************

[2018-12-17T22:22:55.028] [INFO] resLogger - 
*************** response log start ***************
request method: GET
request originalUrl:  /test
request client ip:  ::1
request query:  {}
response time: 7
response status: 200
response body: 
{"code":200,"data":{"name":"test","date":"2018-12-17T14:22:55.024Z"}}
*************** response log end ***************

[2018-12-17T22:28:48.504] [INFO] resLogger - 
*************** response log start ***************
request method: GET
request originalUrl:  /test
request client ip:  ::1
request query:  {}
response time: 3
response status: 200
response body: 
{"code":200,"data":{"name":"test","date":"2018-12-17T14:28:48.500Z"}}
*************** response log end ***************

