[2018-12-19T00:01:57.189] [INFO] resLogger - 
*************** response log start ***************
request method: GET
request originalUrl:  /favicon.ico
request client ip:  ::1
request query:  {}
response time: 0
response status: 404
response body: 
undefined
*************** response log end ***************

[2018-12-19T00:09:41.587] [INFO] resLogger - 
*************** response log start ***************
request method: GET
request originalUrl:  /test
request client ip:  ::1
request query:  {}
response time: 4
response status: 200
response body: 
{"code":200,"data":{"name":"test","date":"2018-12-18T16:09:41.585Z"}}
*************** response log end ***************

[2018-12-19T00:17:58.991] [INFO] resLogger - 
*************** response log start ***************
request method: GET
request originalUrl:  /test
request client ip:  ::1
request query:  {}
response time: 3
response status: 200
response body: 
{"code":200,"data":{"name":"test","date":"2018-12-18T16:17:58.989Z"}}
*************** response log end ***************

[2018-12-19T00:18:12.522] [INFO] resLogger - 
*************** response log start ***************
request method: GET
request originalUrl:  /test
request client ip:  ::1
request query:  {}
response time: 6
response status: 200
response body: 
{"code":200,"data":{"name":"test","date":"2018-12-18T16:18:12.518Z"}}
*************** response log end ***************

[2018-12-19T00:18:31.352] [INFO] resLogger - 
*************** response log start ***************
request method: GET
request originalUrl:  /test
request client ip:  ::1
request query:  {}
response time: 1
response status: 200
response body: 
{"code":200,"data":{"name":"test","date":"2018-12-18T16:18:31.351Z"}}
*************** response log end ***************

[2018-12-19T17:01:54.995] [INFO] resLogger - 
*************** response log start ***************
request method: GET
request originalUrl:  /test
request client ip:  ::1
request query:  {}
response time: 4
response status: 200
response body: 
{"code":200,"data":{"name":"test","date":"2018-12-19T09:01:54.993Z"}}
*************** response log end ***************

[2018-12-19T17:01:55.779] [INFO] resLogger - 
*************** response log start ***************
request method: GET
request originalUrl:  /favicon.ico
request client ip:  ::1
request query:  {}
response time: 0
response status: 404
response body: 
undefined
*************** response log end ***************

