[2018-12-19T00:02:05.982] [ERROR] errorLogger - 
*************** error log start ***************
request method: GET
request originalUrl:  /test
request client ip:  ::1
request query:  {}
response time: 0
err name: ReferenceError
err message: str is not defined
err stack: ReferenceError: str is not defined
    at getDate (/Users/zhengzhipeng/baiduyun/CloudDriveLink_node/server/controllers/test.js:5:3)
    at dispatch (/Users/zhengzhipeng/baiduyun/CloudDriveLink_node/node_modules/koa-router/node_modules/koa-compose/index.js:44:32)
    at next (/Users/zhengzhipeng/baiduyun/CloudDriveLink_node/node_modules/koa-router/node_modules/koa-compose/index.js:45:18)
    at /Users/zhengzhipeng/baiduyun/CloudDriveLink_node/node_modules/koa-router/lib/router.js:346:16
    at dispatch (/Users/zhengzhipeng/baiduyun/CloudDriveLink_node/node_modules/koa-router/node_modules/koa-compose/index.js:44:32)
    at /Users/zhengzhipeng/baiduyun/CloudDriveLink_node/node_modules/koa-router/node_modules/koa-compose/index.js:36:12
    at dispatch (/Users/zhengzhipeng/baiduyun/CloudDriveLink_node/node_modules/koa-router/lib/router.js:351:31)
    at dispatch (/Users/zhengzhipeng/baiduyun/CloudDriveLink_node/node_modules/koa-compose/index.js:42:32)
    at logger (/Users/zhengzhipeng/baiduyun/CloudDriveLink_node/node_modules/koa-logger/index.js:67:13)
    at dispatch (/Users/zhengzhipeng/baiduyun/CloudDriveLink_node/node_modules/koa-compose/index.js:42:32)
    at filter (/Users/zhengzhipeng/baiduyun/CloudDriveLink_node/node_modules/koa-json/index.js:25:12)
    at dispatch (/Users/zhengzhipeng/baiduyun/CloudDriveLink_node/node_modules/koa-compose/index.js:42:32)
    at bodyParser (/Users/zhengzhipeng/baiduyun/CloudDriveLink_node/node_modules/koa-bodyparser/index.js:86:11)
    at <anonymous>
    at process._tickCallback (internal/process/next_tick.js:118:7)
*************** error log end ***************

[2018-12-19T00:05:44.462] [ERROR] errorLogger - 
*************** error log start ***************
request method: GET
request originalUrl:  /test
request client ip:  ::1
request query:  {}
response time: 0
err name: ReferenceError
err message: str is not defined
err stack: ReferenceError: str is not defined
    at getDate (/Users/zhengzhipeng/baiduyun/CloudDriveLink_node/server/controllers/test.js:5:3)
    at dispatch (/Users/zhengzhipeng/baiduyun/CloudDriveLink_node/node_modules/koa-router/node_modules/koa-compose/index.js:44:32)
    at next (/Users/zhengzhipeng/baiduyun/CloudDriveLink_node/node_modules/koa-router/node_modules/koa-compose/index.js:45:18)
    at /Users/zhengzhipeng/baiduyun/CloudDriveLink_node/node_modules/koa-router/lib/router.js:346:16
    at dispatch (/Users/zhengzhipeng/baiduyun/CloudDriveLink_node/node_modules/koa-router/node_modules/koa-compose/index.js:44:32)
    at /Users/zhengzhipeng/baiduyun/CloudDriveLink_node/node_modules/koa-router/node_modules/koa-compose/index.js:36:12
    at dispatch (/Users/zhengzhipeng/baiduyun/CloudDriveLink_node/node_modules/koa-router/lib/router.js:351:31)
    at dispatch (/Users/zhengzhipeng/baiduyun/CloudDriveLink_node/node_modules/koa-compose/index.js:42:32)
    at logger (/Users/zhengzhipeng/baiduyun/CloudDriveLink_node/node_modules/koa-logger/index.js:67:13)
    at dispatch (/Users/zhengzhipeng/baiduyun/CloudDriveLink_node/node_modules/koa-compose/index.js:42:32)
    at filter (/Users/zhengzhipeng/baiduyun/CloudDriveLink_node/node_modules/koa-json/index.js:25:12)
    at dispatch (/Users/zhengzhipeng/baiduyun/CloudDriveLink_node/node_modules/koa-compose/index.js:42:32)
    at bodyParser (/Users/zhengzhipeng/baiduyun/CloudDriveLink_node/node_modules/koa-bodyparser/index.js:86:11)
    at <anonymous>
    at process._tickCallback (internal/process/next_tick.js:118:7)
*************** error log end ***************

[2018-12-19T00:05:49.645] [ERROR] errorLogger - 
*************** error log start ***************
request method: GET
request originalUrl:  /test
request client ip:  ::1
request query:  {}
response time: 0
err name: ReferenceError
err message: str is not defined
err stack: ReferenceError: str is not defined
    at getDate (/Users/zhengzhipeng/baiduyun/CloudDriveLink_node/server/controllers/test.js:5:3)
    at dispatch (/Users/zhengzhipeng/baiduyun/CloudDriveLink_node/node_modules/koa-router/node_modules/koa-compose/index.js:44:32)
    at next (/Users/zhengzhipeng/baiduyun/CloudDriveLink_node/node_modules/koa-router/node_modules/koa-compose/index.js:45:18)
    at /Users/zhengzhipeng/baiduyun/CloudDriveLink_node/node_modules/koa-router/lib/router.js:346:16
    at dispatch (/Users/zhengzhipeng/baiduyun/CloudDriveLink_node/node_modules/koa-router/node_modules/koa-compose/index.js:44:32)
    at /Users/zhengzhipeng/baiduyun/CloudDriveLink_node/node_modules/koa-router/node_modules/koa-compose/index.js:36:12
    at dispatch (/Users/zhengzhipeng/baiduyun/CloudDriveLink_node/node_modules/koa-router/lib/router.js:351:31)
    at dispatch (/Users/zhengzhipeng/baiduyun/CloudDriveLink_node/node_modules/koa-compose/index.js:42:32)
    at logger (/Users/zhengzhipeng/baiduyun/CloudDriveLink_node/node_modules/koa-logger/index.js:67:13)
    at dispatch (/Users/zhengzhipeng/baiduyun/CloudDriveLink_node/node_modules/koa-compose/index.js:42:32)
    at filter (/Users/zhengzhipeng/baiduyun/CloudDriveLink_node/node_modules/koa-json/index.js:25:12)
    at dispatch (/Users/zhengzhipeng/baiduyun/CloudDriveLink_node/node_modules/koa-compose/index.js:42:32)
    at bodyParser (/Users/zhengzhipeng/baiduyun/CloudDriveLink_node/node_modules/koa-bodyparser/index.js:86:11)
    at <anonymous>
    at process._tickCallback (internal/process/next_tick.js:118:7)
*************** error log end ***************

[2018-12-19T00:06:05.172] [ERROR] errorLogger - 
*************** error log start ***************
request method: GET
request originalUrl:  /test
request client ip:  ::1
request query:  {}
response time: 0
err name: ReferenceError
err message: str is not defined
err stack: ReferenceError: str is not defined
    at getDate (/Users/zhengzhipeng/baiduyun/CloudDriveLink_node/server/controllers/test.js:5:3)
    at dispatch (/Users/zhengzhipeng/baiduyun/CloudDriveLink_node/node_modules/koa-router/node_modules/koa-compose/index.js:44:32)
    at next (/Users/zhengzhipeng/baiduyun/CloudDriveLink_node/node_modules/koa-router/node_modules/koa-compose/index.js:45:18)
    at /Users/zhengzhipeng/baiduyun/CloudDriveLink_node/node_modules/koa-router/lib/router.js:346:16
    at dispatch (/Users/zhengzhipeng/baiduyun/CloudDriveLink_node/node_modules/koa-router/node_modules/koa-compose/index.js:44:32)
    at /Users/zhengzhipeng/baiduyun/CloudDriveLink_node/node_modules/koa-router/node_modules/koa-compose/index.js:36:12
    at dispatch (/Users/zhengzhipeng/baiduyun/CloudDriveLink_node/node_modules/koa-router/lib/router.js:351:31)
    at dispatch (/Users/zhengzhipeng/baiduyun/CloudDriveLink_node/node_modules/koa-compose/index.js:42:32)
    at filter (/Users/zhengzhipeng/baiduyun/CloudDriveLink_node/node_modules/koa-json/index.js:25:12)
    at dispatch (/Users/zhengzhipeng/baiduyun/CloudDriveLink_node/node_modules/koa-compose/index.js:42:32)
    at bodyParser (/Users/zhengzhipeng/baiduyun/CloudDriveLink_node/node_modules/koa-bodyparser/index.js:86:11)
    at <anonymous>
    at process._tickCallback (internal/process/next_tick.js:118:7)
*************** error log end ***************

[2018-12-19T00:06:20.624] [ERROR] errorLogger - 
*************** error log start ***************
request method: GET
request originalUrl:  /test
request client ip:  ::1
request query:  {}
response time: 0
err name: ReferenceError
err message: str is not defined
err stack: ReferenceError: str is not defined
    at getDate (/Users/zhengzhipeng/baiduyun/CloudDriveLink_node/server/controllers/test.js:5:3)
    at dispatch (/Users/zhengzhipeng/baiduyun/CloudDriveLink_node/node_modules/koa-router/node_modules/koa-compose/index.js:44:32)
    at next (/Users/zhengzhipeng/baiduyun/CloudDriveLink_node/node_modules/koa-router/node_modules/koa-compose/index.js:45:18)
    at /Users/zhengzhipeng/baiduyun/CloudDriveLink_node/node_modules/koa-router/lib/router.js:346:16
    at dispatch (/Users/zhengzhipeng/baiduyun/CloudDriveLink_node/node_modules/koa-router/node_modules/koa-compose/index.js:44:32)
    at /Users/zhengzhipeng/baiduyun/CloudDriveLink_node/node_modules/koa-router/node_modules/koa-compose/index.js:36:12
    at dispatch (/Users/zhengzhipeng/baiduyun/CloudDriveLink_node/node_modules/koa-router/lib/router.js:351:31)
    at dispatch (/Users/zhengzhipeng/baiduyun/CloudDriveLink_node/node_modules/koa-compose/index.js:42:32)
    at filter (/Users/zhengzhipeng/baiduyun/CloudDriveLink_node/node_modules/koa-json/index.js:25:12)
    at dispatch (/Users/zhengzhipeng/baiduyun/CloudDriveLink_node/node_modules/koa-compose/index.js:42:32)
    at bodyParser (/Users/zhengzhipeng/baiduyun/CloudDriveLink_node/node_modules/koa-bodyparser/index.js:86:11)
    at <anonymous>
    at process._tickCallback (internal/process/next_tick.js:118:7)
*************** error log end ***************

[2018-12-19T00:06:35.634] [ERROR] errorLogger - 
*************** error log start ***************
request method: GET
request originalUrl:  /test
request client ip:  ::1
request query:  {}
response time: 0
err name: ReferenceError
err message: str is not defined
err stack: ReferenceError: str is not defined
    at getDate (/Users/zhengzhipeng/baiduyun/CloudDriveLink_node/server/controllers/test.js:5:3)
    at dispatch (/Users/zhengzhipeng/baiduyun/CloudDriveLink_node/node_modules/koa-router/node_modules/koa-compose/index.js:44:32)
    at next (/Users/zhengzhipeng/baiduyun/CloudDriveLink_node/node_modules/koa-router/node_modules/koa-compose/index.js:45:18)
    at /Users/zhengzhipeng/baiduyun/CloudDriveLink_node/node_modules/koa-router/lib/router.js:346:16
    at dispatch (/Users/zhengzhipeng/baiduyun/CloudDriveLink_node/node_modules/koa-router/node_modules/koa-compose/index.js:44:32)
    at /Users/zhengzhipeng/baiduyun/CloudDriveLink_node/node_modules/koa-router/node_modules/koa-compose/index.js:36:12
    at dispatch (/Users/zhengzhipeng/baiduyun/CloudDriveLink_node/node_modules/koa-router/lib/router.js:351:31)
    at dispatch (/Users/zhengzhipeng/baiduyun/CloudDriveLink_node/node_modules/koa-compose/index.js:42:32)
    at filter (/Users/zhengzhipeng/baiduyun/CloudDriveLink_node/node_modules/koa-json/index.js:25:12)
    at dispatch (/Users/zhengzhipeng/baiduyun/CloudDriveLink_node/node_modules/koa-compose/index.js:42:32)
    at bodyParser (/Users/zhengzhipeng/baiduyun/CloudDriveLink_node/node_modules/koa-bodyparser/index.js:86:11)
    at <anonymous>
    at process._tickCallback (internal/process/next_tick.js:118:7)
*************** error log end ***************

[2018-12-19T00:07:09.459] [ERROR] errorLogger - 
*************** error log start ***************
request method: GET
request originalUrl:  /test
request client ip:  ::1
request query:  {}
response time: 0
err name: ReferenceError
err message: str is not defined
err stack: ReferenceError: str is not defined
    at getDate (/Users/zhengzhipeng/baiduyun/CloudDriveLink_node/server/controllers/test.js:5:3)
    at dispatch (/Users/zhengzhipeng/baiduyun/CloudDriveLink_node/node_modules/koa-router/node_modules/koa-compose/index.js:44:32)
    at next (/Users/zhengzhipeng/baiduyun/CloudDriveLink_node/node_modules/koa-router/node_modules/koa-compose/index.js:45:18)
    at /Users/zhengzhipeng/baiduyun/CloudDriveLink_node/node_modules/koa-router/lib/router.js:346:16
    at dispatch (/Users/zhengzhipeng/baiduyun/CloudDriveLink_node/node_modules/koa-router/node_modules/koa-compose/index.js:44:32)
    at /Users/zhengzhipeng/baiduyun/CloudDriveLink_node/node_modules/koa-router/node_modules/koa-compose/index.js:36:12
    at dispatch (/Users/zhengzhipeng/baiduyun/CloudDriveLink_node/node_modules/koa-router/lib/router.js:351:31)
    at dispatch (/Users/zhengzhipeng/baiduyun/CloudDriveLink_node/node_modules/koa-compose/index.js:42:32)
    at logger (/Users/zhengzhipeng/baiduyun/CloudDriveLink_node/node_modules/koa-logger/index.js:67:13)
    at dispatch (/Users/zhengzhipeng/baiduyun/CloudDriveLink_node/node_modules/koa-compose/index.js:42:32)
    at filter (/Users/zhengzhipeng/baiduyun/CloudDriveLink_node/node_modules/koa-json/index.js:25:12)
    at dispatch (/Users/zhengzhipeng/baiduyun/CloudDriveLink_node/node_modules/koa-compose/index.js:42:32)
    at bodyParser (/Users/zhengzhipeng/baiduyun/CloudDriveLink_node/node_modules/koa-bodyparser/index.js:86:11)
    at <anonymous>
    at process._tickCallback (internal/process/next_tick.js:118:7)
*************** error log end ***************

