[2018-12-18T23:19:54.189] [ERROR] errorLogger - 
*************** error log start ***************
request method: GET
request originalUrl:  /test
request client ip:  ::1
request query:  {}
response time: Tue Dec 18 2018 23:19:54 GMT+0800 (CST)
err name: ReferenceError
err message: str is not defined
err stack: ReferenceError: str is not defined
    at getDate (/Users/zhengzhipeng/baiduyun/CloudDriveLink_node/server/controllers/test.js:5:3)
    at dispatch (/Users/zhengzhipeng/baiduyun/CloudDriveLink_node/node_modules/koa-router/node_modules/koa-compose/index.js:44:32)
    at next (/Users/zhengzhipeng/baiduyun/CloudDriveLink_node/node_modules/koa-router/node_modules/koa-compose/index.js:45:18)
    at /Users/zhengzhipeng/baiduyun/CloudDriveLink_node/node_modules/koa-router/lib/router.js:346:16
    at dispatch (/Users/zhengzhipeng/baiduyun/CloudDriveLink_node/node_modules/koa-router/node_modules/koa-compose/index.js:44:32)
    at /Users/zhengzhipeng/baiduyun/CloudDriveLink_node/node_modules/koa-router/node_modules/koa-compose/index.js:36:12
    at dispatch (/Users/zhengzhipeng/baiduyun/CloudDriveLink_node/node_modules/koa-router/lib/router.js:351:31)
    at dispatch (/Users/zhengzhipeng/baiduyun/CloudDriveLink_node/node_modules/koa-compose/index.js:42:32)
    at logger (/Users/zhengzhipeng/baiduyun/CloudDriveLink_node/node_modules/koa-logger/index.js:67:13)
    at dispatch (/Users/zhengzhipeng/baiduyun/CloudDriveLink_node/node_modules/koa-compose/index.js:42:32)
    at filter (/Users/zhengzhipeng/baiduyun/CloudDriveLink_node/node_modules/koa-json/index.js:25:12)
    at dispatch (/Users/zhengzhipeng/baiduyun/CloudDriveLink_node/node_modules/koa-compose/index.js:42:32)
    at bodyParser (/Users/zhengzhipeng/baiduyun/CloudDriveLink_node/node_modules/koa-bodyparser/index.js:86:11)
    at <anonymous>
    at process._tickCallback (internal/process/next_tick.js:118:7)
*************** error log end ***************

[2018-12-18T23:46:30.277] [ERROR] errorLogger - 
*************** error log start ***************
request method: GET
request originalUrl:  /test
request client ip:  ::1
request query:  {}
response time: 0
err name: ReferenceError
err message: str is not defined
err stack: ReferenceError: str is not defined
    at getDate (/Users/zhengzhipeng/baiduyun/CloudDriveLink_node/server/controllers/test.js:5:3)
    at dispatch (/Users/zhengzhipeng/baiduyun/CloudDriveLink_node/node_modules/koa-router/node_modules/koa-compose/index.js:44:32)
    at next (/Users/zhengzhipeng/baiduyun/CloudDriveLink_node/node_modules/koa-router/node_modules/koa-compose/index.js:45:18)
    at /Users/zhengzhipeng/baiduyun/CloudDriveLink_node/node_modules/koa-router/lib/router.js:346:16
    at dispatch (/Users/zhengzhipeng/baiduyun/CloudDriveLink_node/node_modules/koa-router/node_modules/koa-compose/index.js:44:32)
    at /Users/zhengzhipeng/baiduyun/CloudDriveLink_node/node_modules/koa-router/node_modules/koa-compose/index.js:36:12
    at dispatch (/Users/zhengzhipeng/baiduyun/CloudDriveLink_node/node_modules/koa-router/lib/router.js:351:31)
    at dispatch (/Users/zhengzhipeng/baiduyun/CloudDriveLink_node/node_modules/koa-compose/index.js:42:32)
    at logger (/Users/zhengzhipeng/baiduyun/CloudDriveLink_node/node_modules/koa-logger/index.js:67:13)
    at dispatch (/Users/zhengzhipeng/baiduyun/CloudDriveLink_node/node_modules/koa-compose/index.js:42:32)
    at filter (/Users/zhengzhipeng/baiduyun/CloudDriveLink_node/node_modules/koa-json/index.js:25:12)
    at dispatch (/Users/zhengzhipeng/baiduyun/CloudDriveLink_node/node_modules/koa-compose/index.js:42:32)
    at bodyParser (/Users/zhengzhipeng/baiduyun/CloudDriveLink_node/node_modules/koa-bodyparser/index.js:86:11)
    at <anonymous>
    at process._tickCallback (internal/process/next_tick.js:118:7)
*************** error log end ***************

[2018-12-18T23:47:34.606] [ERROR] errorLogger - 
*************** error log start ***************
request method: GET
request originalUrl:  /test
request client ip:  ::1
request query:  {}
response time: 0
err name: ReferenceError
err message: str is not defined
err stack: ReferenceError: str is not defined
    at getDate (/Users/zhengzhipeng/baiduyun/CloudDriveLink_node/server/controllers/test.js:5:3)
    at dispatch (/Users/zhengzhipeng/baiduyun/CloudDriveLink_node/node_modules/koa-router/node_modules/koa-compose/index.js:44:32)
    at next (/Users/zhengzhipeng/baiduyun/CloudDriveLink_node/node_modules/koa-router/node_modules/koa-compose/index.js:45:18)
    at /Users/zhengzhipeng/baiduyun/CloudDriveLink_node/node_modules/koa-router/lib/router.js:346:16
    at dispatch (/Users/zhengzhipeng/baiduyun/CloudDriveLink_node/node_modules/koa-router/node_modules/koa-compose/index.js:44:32)
    at /Users/zhengzhipeng/baiduyun/CloudDriveLink_node/node_modules/koa-router/node_modules/koa-compose/index.js:36:12
    at dispatch (/Users/zhengzhipeng/baiduyun/CloudDriveLink_node/node_modules/koa-router/lib/router.js:351:31)
    at dispatch (/Users/zhengzhipeng/baiduyun/CloudDriveLink_node/node_modules/koa-compose/index.js:42:32)
    at logger (/Users/zhengzhipeng/baiduyun/CloudDriveLink_node/node_modules/koa-logger/index.js:67:13)
    at dispatch (/Users/zhengzhipeng/baiduyun/CloudDriveLink_node/node_modules/koa-compose/index.js:42:32)
    at filter (/Users/zhengzhipeng/baiduyun/CloudDriveLink_node/node_modules/koa-json/index.js:25:12)
    at dispatch (/Users/zhengzhipeng/baiduyun/CloudDriveLink_node/node_modules/koa-compose/index.js:42:32)
    at bodyParser (/Users/zhengzhipeng/baiduyun/CloudDriveLink_node/node_modules/koa-bodyparser/index.js:86:11)
    at <anonymous>
    at process._tickCallback (internal/process/next_tick.js:118:7)
*************** error log end ***************

[2018-12-18T23:47:34.977] [ERROR] errorLogger - 
*************** error log start ***************
request method: GET
request originalUrl:  /test
request client ip:  ::1
request query:  {}
response time: 0
err name: ReferenceError
err message: str is not defined
err stack: ReferenceError: str is not defined
    at getDate (/Users/zhengzhipeng/baiduyun/CloudDriveLink_node/server/controllers/test.js:5:3)
    at dispatch (/Users/zhengzhipeng/baiduyun/CloudDriveLink_node/node_modules/koa-router/node_modules/koa-compose/index.js:44:32)
    at next (/Users/zhengzhipeng/baiduyun/CloudDriveLink_node/node_modules/koa-router/node_modules/koa-compose/index.js:45:18)
    at /Users/zhengzhipeng/baiduyun/CloudDriveLink_node/node_modules/koa-router/lib/router.js:346:16
    at dispatch (/Users/zhengzhipeng/baiduyun/CloudDriveLink_node/node_modules/koa-router/node_modules/koa-compose/index.js:44:32)
    at /Users/zhengzhipeng/baiduyun/CloudDriveLink_node/node_modules/koa-router/node_modules/koa-compose/index.js:36:12
    at dispatch (/Users/zhengzhipeng/baiduyun/CloudDriveLink_node/node_modules/koa-router/lib/router.js:351:31)
    at dispatch (/Users/zhengzhipeng/baiduyun/CloudDriveLink_node/node_modules/koa-compose/index.js:42:32)
    at logger (/Users/zhengzhipeng/baiduyun/CloudDriveLink_node/node_modules/koa-logger/index.js:67:13)
    at dispatch (/Users/zhengzhipeng/baiduyun/CloudDriveLink_node/node_modules/koa-compose/index.js:42:32)
    at filter (/Users/zhengzhipeng/baiduyun/CloudDriveLink_node/node_modules/koa-json/index.js:25:12)
    at dispatch (/Users/zhengzhipeng/baiduyun/CloudDriveLink_node/node_modules/koa-compose/index.js:42:32)
    at bodyParser (/Users/zhengzhipeng/baiduyun/CloudDriveLink_node/node_modules/koa-bodyparser/index.js:86:11)
    at <anonymous>
    at process._tickCallback (internal/process/next_tick.js:118:7)
*************** error log end ***************

[2018-12-18T23:49:04.076] [ERROR] errorLogger - 
*************** error log start ***************
request method: GET
request originalUrl:  /test
request client ip:  ::1
request query:  {}
response time: 0
err name: ReferenceError
err message: str is not defined
err stack: ReferenceError: str is not defined
    at getDate (/Users/zhengzhipeng/baiduyun/CloudDriveLink_node/server/controllers/test.js:5:3)
    at dispatch (/Users/zhengzhipeng/baiduyun/CloudDriveLink_node/node_modules/koa-router/node_modules/koa-compose/index.js:44:32)
    at next (/Users/zhengzhipeng/baiduyun/CloudDriveLink_node/node_modules/koa-router/node_modules/koa-compose/index.js:45:18)
    at /Users/zhengzhipeng/baiduyun/CloudDriveLink_node/node_modules/koa-router/lib/router.js:346:16
    at dispatch (/Users/zhengzhipeng/baiduyun/CloudDriveLink_node/node_modules/koa-router/node_modules/koa-compose/index.js:44:32)
    at /Users/zhengzhipeng/baiduyun/CloudDriveLink_node/node_modules/koa-router/node_modules/koa-compose/index.js:36:12
    at dispatch (/Users/zhengzhipeng/baiduyun/CloudDriveLink_node/node_modules/koa-router/lib/router.js:351:31)
    at dispatch (/Users/zhengzhipeng/baiduyun/CloudDriveLink_node/node_modules/koa-compose/index.js:42:32)
    at logger (/Users/zhengzhipeng/baiduyun/CloudDriveLink_node/node_modules/koa-logger/index.js:67:13)
    at dispatch (/Users/zhengzhipeng/baiduyun/CloudDriveLink_node/node_modules/koa-compose/index.js:42:32)
    at filter (/Users/zhengzhipeng/baiduyun/CloudDriveLink_node/node_modules/koa-json/index.js:25:12)
    at dispatch (/Users/zhengzhipeng/baiduyun/CloudDriveLink_node/node_modules/koa-compose/index.js:42:32)
    at bodyParser (/Users/zhengzhipeng/baiduyun/CloudDriveLink_node/node_modules/koa-bodyparser/index.js:86:11)
    at <anonymous>
    at process._tickCallback (internal/process/next_tick.js:118:7)
*************** error log end ***************

[2018-12-18T23:49:48.945] [ERROR] errorLogger - 
*************** error log start ***************
request method: GET
request originalUrl:  /test
request client ip:  ::1
request query:  {}
response time: 0
err name: ReferenceError
err message: str is not defined
err stack: ReferenceError: str is not defined
    at getDate (/Users/zhengzhipeng/baiduyun/CloudDriveLink_node/server/controllers/test.js:5:3)
    at dispatch (/Users/zhengzhipeng/baiduyun/CloudDriveLink_node/node_modules/koa-router/node_modules/koa-compose/index.js:44:32)
    at next (/Users/zhengzhipeng/baiduyun/CloudDriveLink_node/node_modules/koa-router/node_modules/koa-compose/index.js:45:18)
    at /Users/zhengzhipeng/baiduyun/CloudDriveLink_node/node_modules/koa-router/lib/router.js:346:16
    at dispatch (/Users/zhengzhipeng/baiduyun/CloudDriveLink_node/node_modules/koa-router/node_modules/koa-compose/index.js:44:32)
    at /Users/zhengzhipeng/baiduyun/CloudDriveLink_node/node_modules/koa-router/node_modules/koa-compose/index.js:36:12
    at dispatch (/Users/zhengzhipeng/baiduyun/CloudDriveLink_node/node_modules/koa-router/lib/router.js:351:31)
    at dispatch (/Users/zhengzhipeng/baiduyun/CloudDriveLink_node/node_modules/koa-compose/index.js:42:32)
    at logger (/Users/zhengzhipeng/baiduyun/CloudDriveLink_node/node_modules/koa-logger/index.js:67:13)
    at dispatch (/Users/zhengzhipeng/baiduyun/CloudDriveLink_node/node_modules/koa-compose/index.js:42:32)
    at filter (/Users/zhengzhipeng/baiduyun/CloudDriveLink_node/node_modules/koa-json/index.js:25:12)
    at dispatch (/Users/zhengzhipeng/baiduyun/CloudDriveLink_node/node_modules/koa-compose/index.js:42:32)
    at bodyParser (/Users/zhengzhipeng/baiduyun/CloudDriveLink_node/node_modules/koa-bodyparser/index.js:86:11)
    at <anonymous>
    at process._tickCallback (internal/process/next_tick.js:118:7)
*************** error log end ***************

[2018-12-18T23:50:19.410] [ERROR] errorLogger - 
*************** error log start ***************
request method: GET
request originalUrl:  /test
request client ip:  ::1
request query:  {}
response time: 0
err name: ReferenceError
err message: str is not defined
err stack: ReferenceError: str is not defined
    at getDate (/Users/zhengzhipeng/baiduyun/CloudDriveLink_node/server/controllers/test.js:5:3)
    at dispatch (/Users/zhengzhipeng/baiduyun/CloudDriveLink_node/node_modules/koa-router/node_modules/koa-compose/index.js:44:32)
    at next (/Users/zhengzhipeng/baiduyun/CloudDriveLink_node/node_modules/koa-router/node_modules/koa-compose/index.js:45:18)
    at /Users/zhengzhipeng/baiduyun/CloudDriveLink_node/node_modules/koa-router/lib/router.js:346:16
    at dispatch (/Users/zhengzhipeng/baiduyun/CloudDriveLink_node/node_modules/koa-router/node_modules/koa-compose/index.js:44:32)
    at /Users/zhengzhipeng/baiduyun/CloudDriveLink_node/node_modules/koa-router/node_modules/koa-compose/index.js:36:12
    at dispatch (/Users/zhengzhipeng/baiduyun/CloudDriveLink_node/node_modules/koa-router/lib/router.js:351:31)
    at dispatch (/Users/zhengzhipeng/baiduyun/CloudDriveLink_node/node_modules/koa-compose/index.js:42:32)
    at logger (/Users/zhengzhipeng/baiduyun/CloudDriveLink_node/node_modules/koa-logger/index.js:67:13)
    at dispatch (/Users/zhengzhipeng/baiduyun/CloudDriveLink_node/node_modules/koa-compose/index.js:42:32)
    at filter (/Users/zhengzhipeng/baiduyun/CloudDriveLink_node/node_modules/koa-json/index.js:25:12)
    at dispatch (/Users/zhengzhipeng/baiduyun/CloudDriveLink_node/node_modules/koa-compose/index.js:42:32)
    at bodyParser (/Users/zhengzhipeng/baiduyun/CloudDriveLink_node/node_modules/koa-bodyparser/index.js:86:11)
    at <anonymous>
    at process._tickCallback (internal/process/next_tick.js:118:7)
*************** error log end ***************

[2018-12-18T23:51:31.470] [ERROR] errorLogger - 
*************** error log start ***************
request method: GET
request originalUrl:  /test
request client ip:  ::1
request query:  {}
response time: 0
err name: ReferenceError
err message: str is not defined
err stack: ReferenceError: str is not defined
    at getDate (/Users/zhengzhipeng/baiduyun/CloudDriveLink_node/server/controllers/test.js:5:3)
    at dispatch (/Users/zhengzhipeng/baiduyun/CloudDriveLink_node/node_modules/koa-router/node_modules/koa-compose/index.js:44:32)
    at next (/Users/zhengzhipeng/baiduyun/CloudDriveLink_node/node_modules/koa-router/node_modules/koa-compose/index.js:45:18)
    at /Users/zhengzhipeng/baiduyun/CloudDriveLink_node/node_modules/koa-router/lib/router.js:346:16
    at dispatch (/Users/zhengzhipeng/baiduyun/CloudDriveLink_node/node_modules/koa-router/node_modules/koa-compose/index.js:44:32)
    at /Users/zhengzhipeng/baiduyun/CloudDriveLink_node/node_modules/koa-router/node_modules/koa-compose/index.js:36:12
    at dispatch (/Users/zhengzhipeng/baiduyun/CloudDriveLink_node/node_modules/koa-router/lib/router.js:351:31)
    at dispatch (/Users/zhengzhipeng/baiduyun/CloudDriveLink_node/node_modules/koa-compose/index.js:42:32)
    at logger (/Users/zhengzhipeng/baiduyun/CloudDriveLink_node/node_modules/koa-logger/index.js:67:13)
    at dispatch (/Users/zhengzhipeng/baiduyun/CloudDriveLink_node/node_modules/koa-compose/index.js:42:32)
    at filter (/Users/zhengzhipeng/baiduyun/CloudDriveLink_node/node_modules/koa-json/index.js:25:12)
    at dispatch (/Users/zhengzhipeng/baiduyun/CloudDriveLink_node/node_modules/koa-compose/index.js:42:32)
    at bodyParser (/Users/zhengzhipeng/baiduyun/CloudDriveLink_node/node_modules/koa-bodyparser/index.js:86:11)
    at <anonymous>
    at process._tickCallback (internal/process/next_tick.js:118:7)
*************** error log end ***************

[2018-12-18T23:51:50.220] [ERROR] errorLogger - 
*************** error log start ***************
request method: GET
request originalUrl:  /test
request client ip:  ::1
request query:  {}
response time: 0
err name: ReferenceError
err message: str is not defined
err stack: ReferenceError: str is not defined
    at getDate (/Users/zhengzhipeng/baiduyun/CloudDriveLink_node/server/controllers/test.js:5:3)
    at dispatch (/Users/zhengzhipeng/baiduyun/CloudDriveLink_node/node_modules/koa-router/node_modules/koa-compose/index.js:44:32)
    at next (/Users/zhengzhipeng/baiduyun/CloudDriveLink_node/node_modules/koa-router/node_modules/koa-compose/index.js:45:18)
    at /Users/zhengzhipeng/baiduyun/CloudDriveLink_node/node_modules/koa-router/lib/router.js:346:16
    at dispatch (/Users/zhengzhipeng/baiduyun/CloudDriveLink_node/node_modules/koa-router/node_modules/koa-compose/index.js:44:32)
    at /Users/zhengzhipeng/baiduyun/CloudDriveLink_node/node_modules/koa-router/node_modules/koa-compose/index.js:36:12
    at dispatch (/Users/zhengzhipeng/baiduyun/CloudDriveLink_node/node_modules/koa-router/lib/router.js:351:31)
    at dispatch (/Users/zhengzhipeng/baiduyun/CloudDriveLink_node/node_modules/koa-compose/index.js:42:32)
    at logger (/Users/zhengzhipeng/baiduyun/CloudDriveLink_node/node_modules/koa-logger/index.js:67:13)
    at dispatch (/Users/zhengzhipeng/baiduyun/CloudDriveLink_node/node_modules/koa-compose/index.js:42:32)
    at filter (/Users/zhengzhipeng/baiduyun/CloudDriveLink_node/node_modules/koa-json/index.js:25:12)
    at dispatch (/Users/zhengzhipeng/baiduyun/CloudDriveLink_node/node_modules/koa-compose/index.js:42:32)
    at bodyParser (/Users/zhengzhipeng/baiduyun/CloudDriveLink_node/node_modules/koa-bodyparser/index.js:86:11)
    at <anonymous>
    at process._tickCallback (internal/process/next_tick.js:118:7)
*************** error log end ***************

[2018-12-18T23:53:20.781] [ERROR] errorLogger - 
*************** error log start ***************
request method: GET
request originalUrl:  /test
request client ip:  ::1
request query:  {}
response time: 0
err name: ReferenceError
err message: str is not defined
err stack: ReferenceError: str is not defined
    at getDate (/Users/zhengzhipeng/baiduyun/CloudDriveLink_node/server/controllers/test.js:5:3)
    at dispatch (/Users/zhengzhipeng/baiduyun/CloudDriveLink_node/node_modules/koa-router/node_modules/koa-compose/index.js:44:32)
    at next (/Users/zhengzhipeng/baiduyun/CloudDriveLink_node/node_modules/koa-router/node_modules/koa-compose/index.js:45:18)
    at /Users/zhengzhipeng/baiduyun/CloudDriveLink_node/node_modules/koa-router/lib/router.js:346:16
    at dispatch (/Users/zhengzhipeng/baiduyun/CloudDriveLink_node/node_modules/koa-router/node_modules/koa-compose/index.js:44:32)
    at /Users/zhengzhipeng/baiduyun/CloudDriveLink_node/node_modules/koa-router/node_modules/koa-compose/index.js:36:12
    at dispatch (/Users/zhengzhipeng/baiduyun/CloudDriveLink_node/node_modules/koa-router/lib/router.js:351:31)
    at dispatch (/Users/zhengzhipeng/baiduyun/CloudDriveLink_node/node_modules/koa-compose/index.js:42:32)
    at logger (/Users/zhengzhipeng/baiduyun/CloudDriveLink_node/node_modules/koa-logger/index.js:67:13)
    at dispatch (/Users/zhengzhipeng/baiduyun/CloudDriveLink_node/node_modules/koa-compose/index.js:42:32)
    at filter (/Users/zhengzhipeng/baiduyun/CloudDriveLink_node/node_modules/koa-json/index.js:25:12)
    at dispatch (/Users/zhengzhipeng/baiduyun/CloudDriveLink_node/node_modules/koa-compose/index.js:42:32)
    at bodyParser (/Users/zhengzhipeng/baiduyun/CloudDriveLink_node/node_modules/koa-bodyparser/index.js:86:11)
    at <anonymous>
    at process._tickCallback (internal/process/next_tick.js:118:7)
*************** error log end ***************

[2018-12-18T23:54:03.549] [ERROR] errorLogger - 
*************** error log start ***************
request method: GET
request originalUrl:  /test
request client ip:  ::1
request query:  {}
response time: 0
err name: ReferenceError
err message: str is not defined
err stack: ReferenceError: str is not defined
    at getDate (/Users/zhengzhipeng/baiduyun/CloudDriveLink_node/server/controllers/test.js:5:3)
    at dispatch (/Users/zhengzhipeng/baiduyun/CloudDriveLink_node/node_modules/koa-router/node_modules/koa-compose/index.js:44:32)
    at next (/Users/zhengzhipeng/baiduyun/CloudDriveLink_node/node_modules/koa-router/node_modules/koa-compose/index.js:45:18)
    at /Users/zhengzhipeng/baiduyun/CloudDriveLink_node/node_modules/koa-router/lib/router.js:346:16
    at dispatch (/Users/zhengzhipeng/baiduyun/CloudDriveLink_node/node_modules/koa-router/node_modules/koa-compose/index.js:44:32)
    at /Users/zhengzhipeng/baiduyun/CloudDriveLink_node/node_modules/koa-router/node_modules/koa-compose/index.js:36:12
    at dispatch (/Users/zhengzhipeng/baiduyun/CloudDriveLink_node/node_modules/koa-router/lib/router.js:351:31)
    at dispatch (/Users/zhengzhipeng/baiduyun/CloudDriveLink_node/node_modules/koa-compose/index.js:42:32)
    at logger (/Users/zhengzhipeng/baiduyun/CloudDriveLink_node/node_modules/koa-logger/index.js:67:13)
    at dispatch (/Users/zhengzhipeng/baiduyun/CloudDriveLink_node/node_modules/koa-compose/index.js:42:32)
    at filter (/Users/zhengzhipeng/baiduyun/CloudDriveLink_node/node_modules/koa-json/index.js:25:12)
    at dispatch (/Users/zhengzhipeng/baiduyun/CloudDriveLink_node/node_modules/koa-compose/index.js:42:32)
    at bodyParser (/Users/zhengzhipeng/baiduyun/CloudDriveLink_node/node_modules/koa-bodyparser/index.js:86:11)
    at <anonymous>
    at process._tickCallback (internal/process/next_tick.js:118:7)
*************** error log end ***************

[2018-12-18T23:56:03.541] [ERROR] errorLogger - 
*************** error log start ***************
request method: GET
request originalUrl:  /test
request client ip:  ::1
request query:  {}
response time: 0
err name: ReferenceError
err message: str is not defined
err stack: ReferenceError: str is not defined
    at getDate (/Users/zhengzhipeng/baiduyun/CloudDriveLink_node/server/controllers/test.js:5:3)
    at dispatch (/Users/zhengzhipeng/baiduyun/CloudDriveLink_node/node_modules/koa-router/node_modules/koa-compose/index.js:44:32)
    at next (/Users/zhengzhipeng/baiduyun/CloudDriveLink_node/node_modules/koa-router/node_modules/koa-compose/index.js:45:18)
    at /Users/zhengzhipeng/baiduyun/CloudDriveLink_node/node_modules/koa-router/lib/router.js:346:16
    at dispatch (/Users/zhengzhipeng/baiduyun/CloudDriveLink_node/node_modules/koa-router/node_modules/koa-compose/index.js:44:32)
    at /Users/zhengzhipeng/baiduyun/CloudDriveLink_node/node_modules/koa-router/node_modules/koa-compose/index.js:36:12
    at dispatch (/Users/zhengzhipeng/baiduyun/CloudDriveLink_node/node_modules/koa-router/lib/router.js:351:31)
    at dispatch (/Users/zhengzhipeng/baiduyun/CloudDriveLink_node/node_modules/koa-compose/index.js:42:32)
    at logger (/Users/zhengzhipeng/baiduyun/CloudDriveLink_node/node_modules/koa-logger/index.js:67:13)
    at dispatch (/Users/zhengzhipeng/baiduyun/CloudDriveLink_node/node_modules/koa-compose/index.js:42:32)
    at filter (/Users/zhengzhipeng/baiduyun/CloudDriveLink_node/node_modules/koa-json/index.js:25:12)
    at dispatch (/Users/zhengzhipeng/baiduyun/CloudDriveLink_node/node_modules/koa-compose/index.js:42:32)
    at bodyParser (/Users/zhengzhipeng/baiduyun/CloudDriveLink_node/node_modules/koa-bodyparser/index.js:86:11)
    at <anonymous>
    at process._tickCallback (internal/process/next_tick.js:118:7)
*************** error log end ***************

